Started GET "/" for ::1 at 2022-11-24 21:04:57 +0100
  
ActiveRecord::NoDatabaseError (We could not find your database: turbostream_development. Which can be found in the database configuration file located at config/database.yml.

To resolve this issue:

- Did you create the database for this app, or delete it? You may need to create your database.
- Has the database name changed? Check your database.yml config has the correct database name.

To create your database, run:

        bin/rails db:create
):
  
activerecord (7.0.4) lib/active_record/connection_adapters/postgresql_adapter.rb:81:in `rescue in new_client'
activerecord (7.0.4) lib/active_record/connection_adapters/postgresql_adapter.rb:77:in `new_client'
activerecord (7.0.4) lib/active_record/connection_adapters/postgresql_adapter.rb:37:in `postgresql_connection'
activerecord (7.0.4) lib/active_record/connection_adapters/abstract/connection_pool.rb:656:in `public_send'
activerecord (7.0.4) lib/active_record/connection_adapters/abstract/connection_pool.rb:656:in `new_connection'
activerecord (7.0.4) lib/active_record/connection_adapters/abstract/connection_pool.rb:700:in `checkout_new_connection'
activerecord (7.0.4) lib/active_record/connection_adapters/abstract/connection_pool.rb:679:in `try_to_checkout_new_connection'
activerecord (7.0.4) lib/active_record/connection_adapters/abstract/connection_pool.rb:640:in `acquire_connection'
activerecord (7.0.4) lib/active_record/connection_adapters/abstract/connection_pool.rb:341:in `checkout'
activerecord (7.0.4) lib/active_record/connection_adapters/abstract/connection_pool.rb:181:in `connection'
activerecord (7.0.4) lib/active_record/connection_adapters/abstract/connection_handler.rb:211:in `retrieve_connection'
activerecord (7.0.4) lib/active_record/connection_handling.rb:313:in `retrieve_connection'
activerecord (7.0.4) lib/active_record/connection_handling.rb:280:in `connection'
activerecord (7.0.4) lib/active_record/migration.rb:613:in `connection'
activerecord (7.0.4) lib/active_record/migration.rb:608:in `build_watcher'
activerecord (7.0.4) lib/active_record/migration.rb:590:in `block in call'
activerecord (7.0.4) lib/active_record/migration.rb:589:in `synchronize'
activerecord (7.0.4) lib/active_record/migration.rb:589:in `call'
actionpack (7.0.4) lib/action_dispatch/middleware/callbacks.rb:27:in `block in call'
activesupport (7.0.4) lib/active_support/callbacks.rb:99:in `run_callbacks'
actionpack (7.0.4) lib/action_dispatch/middleware/callbacks.rb:26:in `call'
actionpack (7.0.4) lib/action_dispatch/middleware/executor.rb:14:in `call'
actionpack (7.0.4) lib/action_dispatch/middleware/actionable_exceptions.rb:17:in `call'
actionpack (7.0.4) lib/action_dispatch/middleware/debug_exceptions.rb:28:in `call'
web-console (4.2.0) lib/web_console/middleware.rb:132:in `call_app'
web-console (4.2.0) lib/web_console/middleware.rb:28:in `block in call'
web-console (4.2.0) lib/web_console/middleware.rb:17:in `catch'
web-console (4.2.0) lib/web_console/middleware.rb:17:in `call'
actionpack (7.0.4) lib/action_dispatch/middleware/show_exceptions.rb:26:in `call'
railties (7.0.4) lib/rails/rack/logger.rb:40:in `call_app'
railties (7.0.4) lib/rails/rack/logger.rb:25:in `block in call'
activesupport (7.0.4) lib/active_support/tagged_logging.rb:99:in `block in tagged'
activesupport (7.0.4) lib/active_support/tagged_logging.rb:37:in `tagged'
activesupport (7.0.4) lib/active_support/tagged_logging.rb:99:in `tagged'
railties (7.0.4) lib/rails/rack/logger.rb:25:in `call'
sprockets-rails (3.4.2) lib/sprockets/rails/quiet_assets.rb:13:in `call'
actionpack (7.0.4) lib/action_dispatch/middleware/remote_ip.rb:93:in `call'
actionpack (7.0.4) lib/action_dispatch/middleware/request_id.rb:26:in `call'
rack (2.2.4) lib/rack/method_override.rb:24:in `call'
rack (2.2.4) lib/rack/runtime.rb:22:in `call'
activesupport (7.0.4) lib/active_support/cache/strategy/local_cache_middleware.rb:29:in `call'
actionpack (7.0.4) lib/action_dispatch/middleware/server_timing.rb:61:in `block in call'
actionpack (7.0.4) lib/action_dispatch/middleware/server_timing.rb:26:in `collect_events'
actionpack (7.0.4) lib/action_dispatch/middleware/server_timing.rb:60:in `call'
actionpack (7.0.4) lib/action_dispatch/middleware/executor.rb:14:in `call'
actionpack (7.0.4) lib/action_dispatch/middleware/static.rb:23:in `call'
rack (2.2.4) lib/rack/sendfile.rb:110:in `call'
actionpack (7.0.4) lib/action_dispatch/middleware/host_authorization.rb:137:in `call'
railties (7.0.4) lib/rails/engine.rb:530:in `call'
puma (5.6.5) lib/puma/configuration.rb:252:in `call'
puma (5.6.5) lib/puma/request.rb:77:in `block in handle_request'
puma (5.6.5) lib/puma/thread_pool.rb:340:in `with_force_shutdown'
puma (5.6.5) lib/puma/request.rb:76:in `handle_request'
puma (5.6.5) lib/puma/server.rb:443:in `process_client'
puma (5.6.5) lib/puma/thread_pool.rb:147:in `block in spawn_thread'
  [1m[35m (1420.6ms)[0m  [1m[35mCREATE DATABASE "turbostream_development" ENCODING = 'unicode'[0m
  [1m[35m (307.7ms)[0m  [1m[35mCREATE DATABASE "turbostream_test" ENCODING = 'unicode'[0m
  [1m[35m (42.8ms)[0m  [1m[35mCREATE TABLE "schema_migrations" ("version" character varying NOT NULL PRIMARY KEY)[0m
  [1m[35m (7.3ms)[0m  [1m[35mCREATE TABLE "ar_internal_metadata" ("key" character varying NOT NULL PRIMARY KEY, "value" character varying, "created_at" timestamp(6) NOT NULL, "updated_at" timestamp(6) NOT NULL)[0m
  [1m[35m (0.1ms)[0m  [1m[34mSELECT pg_try_advisory_lock(4039513324203136185)[0m
  [1m[36mActiveRecord::SchemaMigration Pluck (4.5ms)[0m  [1m[34mSELECT "schema_migrations"."version" FROM "schema_migrations" ORDER BY "schema_migrations"."version" ASC[0m
Migrating to CreateEmails (20221124164338)
  [1m[36mTRANSACTION (0.1ms)[0m  [1m[35mBEGIN[0m
  [1m[35m (10.7ms)[0m  [1m[35mCREATE TABLE "emails" ("id" bigserial primary key, "object" character varying, "body" text, "created_at" timestamp(6) NOT NULL, "updated_at" timestamp(6) NOT NULL)[0m
  [1m[36mActiveRecord::SchemaMigration Create (0.7ms)[0m  [1m[32mINSERT INTO "schema_migrations" ("version") VALUES ($1) RETURNING "version"[0m  [["version", "20221124164338"]]
  [1m[36mTRANSACTION (0.4ms)[0m  [1m[35mCOMMIT[0m
  [1m[36mActiveRecord::InternalMetadata Load (4.6ms)[0m  [1m[34mSELECT "ar_internal_metadata".* FROM "ar_internal_metadata" WHERE "ar_internal_metadata"."key" = $1 LIMIT $2[0m  [["key", "environment"], ["LIMIT", 1]]
  [1m[36mTRANSACTION (0.1ms)[0m  [1m[35mBEGIN[0m
  [1m[36mActiveRecord::InternalMetadata Create (0.9ms)[0m  [1m[32mINSERT INTO "ar_internal_metadata" ("key", "value", "created_at", "updated_at") VALUES ($1, $2, $3, $4) RETURNING "key"[0m  [["key", "environment"], ["value", "development"], ["created_at", "2022-11-24 20:06:33.873440"], ["updated_at", "2022-11-24 20:06:33.873440"]]
  [1m[36mTRANSACTION (0.4ms)[0m  [1m[35mCOMMIT[0m
  [1m[35m (0.2ms)[0m  [1m[34mSELECT pg_advisory_unlock(4039513324203136185)[0m
  [1m[36mActiveRecord::SchemaMigration Pluck (5.2ms)[0m  [1m[34mSELECT "schema_migrations"."version" FROM "schema_migrations" ORDER BY "schema_migrations"."version" ASC[0m
  [1m[36mActiveRecord::SchemaMigration Pluck (0.7ms)[0m  [1m[34mSELECT "schema_migrations"."version" FROM "schema_migrations" ORDER BY "schema_migrations"."version" ASC[0m
  [1m[36mTRANSACTION (0.1ms)[0m  [1m[35mBEGIN[0m
  [1m[36mEmail Create (5.4ms)[0m  [1m[32mINSERT INTO "emails" ("object", "body", "created_at", "updated_at") VALUES ($1, $2, $3, $4) RETURNING "id"[0m  [["object", "deserunt"], ["body", "Quaerat cum veniam. Ratione ut vitae. Non voluptatem beatae."], ["created_at", "2022-11-24 20:06:59.837480"], ["updated_at", "2022-11-24 20:06:59.837480"]]
  [1m[36mTRANSACTION (4.7ms)[0m  [1m[35mCOMMIT[0m
  [1m[36mTRANSACTION (0.1ms)[0m  [1m[35mBEGIN[0m
  [1m[36mEmail Create (0.2ms)[0m  [1m[32mINSERT INTO "emails" ("object", "body", "created_at", "updated_at") VALUES ($1, $2, $3, $4) RETURNING "id"[0m  [["object", "rerum"], ["body", "Facere eius voluptatem. Pariatur in facere. Accusamus itaque ad."], ["created_at", "2022-11-24 20:06:59.851826"], ["updated_at", "2022-11-24 20:06:59.851826"]]
  [1m[36mTRANSACTION (0.2ms)[0m  [1m[35mCOMMIT[0m
Started GET "/" for ::1 at 2022-11-24 21:07:14 +0100
  [1m[36mActiveRecord::SchemaMigration Pluck (0.7ms)[0m  [1m[34mSELECT "schema_migrations"."version" FROM "schema_migrations" ORDER BY "schema_migrations"."version" ASC[0m
Processing by EmailsController#index as HTML
  Rendering layout layouts/application.html.erb
  Rendering emails/index.html.erb within layouts/application
  [1m[36mEmail Load (9.6ms)[0m  [1m[34mSELECT "emails".* FROM "emails"[0m
  ↳ app/views/emails/index.html.erb:19
  Rendered emails/index.html.erb within layouts/application (Duration: 39.9ms | Allocations: 18531)
  Rendered layout layouts/application.html.erb (Duration: 592.4ms | Allocations: 114159)
Completed 200 OK in 677ms (Views: 596.9ms | ActiveRecord: 13.7ms | Allocations: 120488)


Started GET "/emails/1" for ::1 at 2022-11-24 21:07:29 +0100
Processing by EmailsController#show as HTML
  Parameters: {"id"=>"1"}
  [1m[36mEmail Load (0.3ms)[0m  [1m[34mSELECT "emails".* FROM "emails" WHERE "emails"."id" = $1 LIMIT $2[0m  [["id", 1], ["LIMIT", 1]]
  ↳ app/controllers/emails_controller.rb:65:in `set_email'
  Rendering layout layouts/application.html.erb
  Rendering emails/show.html.erb within layouts/application
  Rendered emails/_email.html.erb (Duration: 0.7ms | Allocations: 202)
  Rendered emails/show.html.erb within layouts/application (Duration: 11.9ms | Allocations: 1418)
  Rendered layout layouts/application.html.erb (Duration: 16.2ms | Allocations: 3585)
Completed 200 OK in 27ms (Views: 16.9ms | ActiveRecord: 0.4ms | Allocations: 6415)


Started GET "/emails" for ::1 at 2022-11-24 21:07:33 +0100
Processing by EmailsController#index as HTML
  Rendering layout layouts/application.html.erb
  Rendering emails/index.html.erb within layouts/application
  [1m[36mEmail Load (0.2ms)[0m  [1m[34mSELECT "emails".* FROM "emails"[0m
  ↳ app/views/emails/index.html.erb:19
  Rendered emails/index.html.erb within layouts/application (Duration: 3.2ms | Allocations: 1969)
  Rendered layout layouts/application.html.erb (Duration: 7.7ms | Allocations: 4144)
Completed 200 OK in 9ms (Views: 8.1ms | ActiveRecord: 0.2ms | Allocations: 4476)


Started POST "/emails" for ::1 at 2022-11-24 21:07:49 +0100
Processing by EmailsController#create as TURBO_STREAM
  Parameters: {"authenticity_token"=>"[FILTERED]"}
  [1m[36mTRANSACTION (0.1ms)[0m  [1m[35mBEGIN[0m
  ↳ app/controllers/emails_controller.rb:30:in `block in create'
  [1m[36mEmail Create (0.8ms)[0m  [1m[32mINSERT INTO "emails" ("object", "body", "created_at", "updated_at") VALUES ($1, $2, $3, $4) RETURNING "id"[0m  [["object", "libero"], ["body", "Quisquam amet suscipit. Cum aut velit. Ut ipsam sit."], ["created_at", "2022-11-24 20:07:51.612236"], ["updated_at", "2022-11-24 20:07:51.612236"]]
  ↳ app/controllers/emails_controller.rb:30:in `block in create'
  [1m[36mTRANSACTION (5.9ms)[0m  [1m[35mCOMMIT[0m
  ↳ app/controllers/emails_controller.rb:30:in `block in create'
Completed 406 Not Acceptable in 1818ms (ActiveRecord: 6.8ms | Allocations: 344551)


  
ActionController::UnknownFormat (ActionController::UnknownFormat):
  
app/controllers/emails_controller.rb:29:in `create'
Started GET "/emails" for ::1 at 2022-11-24 21:07:51 +0100
Processing by EmailsController#index as HTML
  Rendering layout layouts/application.html.erb
  Rendering emails/index.html.erb within layouts/application
  [1m[36mEmail Load (0.4ms)[0m  [1m[34mSELECT "emails".* FROM "emails"[0m
  ↳ app/views/emails/index.html.erb:19
  Rendered emails/index.html.erb within layouts/application (Duration: 4.7ms | Allocations: 2477)
  Rendered layout layouts/application.html.erb (Duration: 10.0ms | Allocations: 4665)
Completed 200 OK in 11ms (Views: 10.2ms | ActiveRecord: 0.4ms | Allocations: 4988)


Started GET "/emails/3" for ::1 at 2022-11-24 21:08:00 +0100
Processing by EmailsController#show as HTML
  Parameters: {"id"=>"3"}
  [1m[36mEmail Load (0.3ms)[0m  [1m[34mSELECT "emails".* FROM "emails" WHERE "emails"."id" = $1 LIMIT $2[0m  [["id", 3], ["LIMIT", 1]]
  ↳ app/controllers/emails_controller.rb:65:in `set_email'
  Rendering layout layouts/application.html.erb
  Rendering emails/show.html.erb within layouts/application
  Rendered emails/_email.html.erb (Duration: 0.1ms | Allocations: 20)
  Rendered emails/show.html.erb within layouts/application (Duration: 1.1ms | Allocations: 608)
  Rendered layout layouts/application.html.erb (Duration: 6.2ms | Allocations: 2774)
Completed 200 OK in 10ms (Views: 6.8ms | ActiveRecord: 0.3ms | Allocations: 3553)


Started GET "/emails/3/edit" for ::1 at 2022-11-24 21:08:05 +0100
Processing by EmailsController#edit as HTML
  Parameters: {"id"=>"3"}
  [1m[36mEmail Load (0.3ms)[0m  [1m[34mSELECT "emails".* FROM "emails" WHERE "emails"."id" = $1 LIMIT $2[0m  [["id", 3], ["LIMIT", 1]]
  ↳ app/controllers/emails_controller.rb:65:in `set_email'
  Rendering layout layouts/application.html.erb
  Rendering emails/edit.html.erb within layouts/application
  Rendered emails/_form.html.erb (Duration: 39.7ms | Allocations: 2932)
  Rendered emails/edit.html.erb within layouts/application (Duration: 41.4ms | Allocations: 3271)
  Rendered layout layouts/application.html.erb (Duration: 45.7ms | Allocations: 5437)
Completed 200 OK in 49ms (Views: 46.3ms | ActiveRecord: 0.3ms | Allocations: 6270)


Started PATCH "/emails/3" for ::1 at 2022-11-24 21:08:26 +0100
Processing by EmailsController#update as TURBO_STREAM
  Parameters: {"authenticity_token"=>"[FILTERED]", "email"=>{"object"=>"onfaitdestests", "body"=>"blabla tous ça c'est nul."}, "commit"=>"Update Email", "id"=>"3"}
  [1m[36mEmail Load (0.3ms)[0m  [1m[34mSELECT "emails".* FROM "emails" WHERE "emails"."id" = $1 LIMIT $2[0m  [["id", 3], ["LIMIT", 1]]
  ↳ app/controllers/emails_controller.rb:65:in `set_email'
  [1m[36mTRANSACTION (0.1ms)[0m  [1m[35mBEGIN[0m
  ↳ app/controllers/emails_controller.rb:42:in `block in update'
  [1m[36mEmail Update (0.5ms)[0m  [1m[33mUPDATE "emails" SET "object" = $1, "body" = $2, "updated_at" = $3 WHERE "emails"."id" = $4[0m  [["object", "onfaitdestests"], ["body", "blabla tous ça c'est nul."], ["updated_at", "2022-11-24 20:08:26.742006"], ["id", 3]]
  ↳ app/controllers/emails_controller.rb:42:in `block in update'
  [1m[36mTRANSACTION (0.4ms)[0m  [1m[35mCOMMIT[0m
  ↳ app/controllers/emails_controller.rb:42:in `block in update'
Redirected to http://localhost:3000/emails/3
Completed 302 Found in 11ms (ActiveRecord: 1.3ms | Allocations: 2938)


Started GET "/emails/3" for ::1 at 2022-11-24 21:08:26 +0100
Processing by EmailsController#show as TURBO_STREAM
  Parameters: {"id"=>"3"}
  [1m[36mEmail Load (0.3ms)[0m  [1m[34mSELECT "emails".* FROM "emails" WHERE "emails"."id" = $1 LIMIT $2[0m  [["id", 3], ["LIMIT", 1]]
  ↳ app/controllers/emails_controller.rb:65:in `set_email'
  Rendering layout layouts/application.html.erb
  Rendering emails/show.html.erb within layouts/application
  Rendered emails/_email.html.erb (Duration: 0.1ms | Allocations: 20)
  Rendered emails/show.html.erb within layouts/application (Duration: 1.3ms | Allocations: 673)
  Rendered layout layouts/application.html.erb (Duration: 6.1ms | Allocations: 2839)
Completed 200 OK in 9ms (Views: 7.1ms | ActiveRecord: 0.3ms | Allocations: 3669)


Started GET "/emails" for ::1 at 2022-11-24 21:08:31 +0100
Processing by EmailsController#index as HTML
  Rendering layout layouts/application.html.erb
  Rendering emails/index.html.erb within layouts/application
  [1m[36mEmail Load (0.3ms)[0m  [1m[34mSELECT "emails".* FROM "emails"[0m
  ↳ app/views/emails/index.html.erb:19
  Rendered emails/index.html.erb within layouts/application (Duration: 4.2ms | Allocations: 2477)
  Rendered layout layouts/application.html.erb (Duration: 9.2ms | Allocations: 4651)
Completed 200 OK in 11ms (Views: 9.6ms | ActiveRecord: 0.3ms | Allocations: 4975)


Started POST "/emails" for ::1 at 2022-11-24 21:08:38 +0100
Processing by EmailsController#create as TURBO_STREAM
  Parameters: {"authenticity_token"=>"[FILTERED]"}
  [1m[36mTRANSACTION (0.1ms)[0m  [1m[35mBEGIN[0m
  ↳ app/controllers/emails_controller.rb:30:in `block in create'
  [1m[36mEmail Create (0.3ms)[0m  [1m[32mINSERT INTO "emails" ("object", "body", "created_at", "updated_at") VALUES ($1, $2, $3, $4) RETURNING "id"[0m  [["object", "ipsam"], ["body", "Sed dolore illum. Officia ipsum et. Perferendis pariatur rerum."], ["created_at", "2022-11-24 20:08:38.476873"], ["updated_at", "2022-11-24 20:08:38.476873"]]
  ↳ app/controllers/emails_controller.rb:30:in `block in create'
  [1m[36mTRANSACTION (0.3ms)[0m  [1m[35mCOMMIT[0m
  ↳ app/controllers/emails_controller.rb:30:in `block in create'
Completed 406 Not Acceptable in 6ms (ActiveRecord: 0.7ms | Allocations: 3347)


  
ActionController::UnknownFormat (ActionController::UnknownFormat):
  
app/controllers/emails_controller.rb:29:in `create'
Started GET "/emails" for ::1 at 2022-11-24 21:08:38 +0100
Processing by EmailsController#index as HTML
  Rendering layout layouts/application.html.erb
  Rendering emails/index.html.erb within layouts/application
  [1m[36mEmail Load (0.3ms)[0m  [1m[34mSELECT "emails".* FROM "emails"[0m
  ↳ app/views/emails/index.html.erb:19
  Rendered emails/index.html.erb within layouts/application (Duration: 4.7ms | Allocations: 2999)
  Rendered layout layouts/application.html.erb (Duration: 9.5ms | Allocations: 5173)
Completed 200 OK in 11ms (Views: 9.8ms | ActiveRecord: 0.3ms | Allocations: 5495)


Started DELETE "/emails/4" for ::1 at 2022-11-24 21:09:07 +0100
Processing by EmailsController#destroy as TURBO_STREAM
  Parameters: {"authenticity_token"=>"[FILTERED]", "id"=>"4"}
  [1m[36mEmail Load (0.3ms)[0m  [1m[34mSELECT "emails".* FROM "emails" WHERE "emails"."id" = $1 LIMIT $2[0m  [["id", 4], ["LIMIT", 1]]
  ↳ app/controllers/emails_controller.rb:65:in `set_email'
  [1m[36mTRANSACTION (0.1ms)[0m  [1m[35mBEGIN[0m
  ↳ app/controllers/emails_controller.rb:54:in `destroy'
  [1m[36mEmail Destroy (0.3ms)[0m  [1m[31mDELETE FROM "emails" WHERE "emails"."id" = $1[0m  [["id", 4]]
  ↳ app/controllers/emails_controller.rb:54:in `destroy'
  [1m[36mTRANSACTION (0.4ms)[0m  [1m[35mCOMMIT[0m
  ↳ app/controllers/emails_controller.rb:54:in `destroy'
Redirected to http://localhost:3000/emails
Completed 302 Found in 7ms (ActiveRecord: 1.0ms | Allocations: 2357)


Started GET "/emails" for ::1 at 2022-11-24 21:09:07 +0100
Processing by EmailsController#index as TURBO_STREAM
  Rendering layout layouts/application.html.erb
  Rendering emails/index.html.erb within layouts/application
  [1m[36mEmail Load (0.2ms)[0m  [1m[34mSELECT "emails".* FROM "emails"[0m
  ↳ app/views/emails/index.html.erb:19
  Rendered emails/index.html.erb within layouts/application (Duration: 3.6ms | Allocations: 2491)
  Rendered layout layouts/application.html.erb (Duration: 8.6ms | Allocations: 4665)
Completed 200 OK in 10ms (Views: 9.0ms | ActiveRecord: 0.2ms | Allocations: 4992)


